[    0.000000] Linux version 4.15.0-191-generic (buildd@lcy02-amd64-032) (gcc version 7.5.0 (Ubuntu 7.5.0-3ubuntu1~18.04)) #202-Ubuntu SMP Thu Aug 4 01:49:29 UTC 2022 (Ubuntu 4.15.0-191.202-generic 4.15.18)
[    0.000000] Command line: BOOT_IMAGE=/boot/vmlinuz-4.15.0-191-generic root=LABEL=cloudimg-rootfs ro console=tty1 console=ttyS0
[    0.000000] KERNEL supported cpus:
[    0.000000]   Intel GenuineIntel
[    0.000000]   AMD AuthenticAMD
[    0.000000]   Centaur CentaurHauls
[    0.000000] [Firmware Bug]: TSC doesn't count with P0 frequency!
[    0.000000] x86/fpu: x87 FPU will use FXSAVE
[    0.000000] e820: BIOS-provided physical RAM map:
[    0.000000] BIOS-e820: [mem 0x0000000000000000-0x000000000009fbff] usable
[    0.000000] BIOS-e820: [mem 0x000000000009fc00-0x000000000009ffff] reserved
[    0.000000] BIOS-e820: [mem 0x00000000000f0000-0x00000000000fffff] reserved
[    0.000000] BIOS-e820: [mem 0x0000000000100000-0x000000003ffeffff] usable
[    0.000000] BIOS-e820: [mem 0x000000003fff0000-0x000000003fffffff] ACPI data
[    0.000000] BIOS-e820: [mem 0x00000000fec00000-0x00000000fec00fff] reserved
[    0.000000] BIOS-e820: [mem 0x00000000fee00000-0x00000000fee00fff] reserved
[    0.000000] BIOS-e820: [mem 0x00000000fffc0000-0x00000000ffffffff] reserved
[    0.000000] NX (Execute Disable) protection: active
[    0.000000] SMBIOS 2.5 present.
[    0.000000] DMI: innotek GmbH VirtualBox/VirtualBox, BIOS VirtualBox 12/01/2006
[    0.000000] Hypervisor detected: KVM
[    0.000000] e820: last_pfn = 0x3fff0 max_arch_pfn = 0x400000000
[    0.000000] MTRR: Disabled
[    0.000000] x86/PAT: MTRRs disabled, skipping PAT initialization too.
[    0.000000] CPU MTRRs all blank - virtualized system.
[    0.000000] x86/PAT: Configuration [0-7]: WB  WT  UC- UC  WB  WT  UC- UC  
[    0.000000] found SMP MP-table at [mem 0x0009fff0-0x0009ffff]
[    0.000000] Scanning 1 areas for low memory corruption
[    0.000000] RAMDISK: [mem 0x359c9000-0x36cdbfff]
[    0.000000] ACPI: Early table checksum verification disabled
[    0.000000] ACPI: RSDP 0x00000000000E0000 000024 (v02 VBOX  )
[    0.000000] ACPI: XSDT 0x000000003FFF0030 00003C (v01 VBOX   VBOXXSDT 00000001 ASL  00000061)
[    0.000000] ACPI: FACP 0x000000003FFF00F0 0000F4 (v04 VBOX   VBOXFACP 00000001 ASL  00000061)
[    0.000000] ACPI: DSDT 0x000000003FFF0470 002325 (v02 VBOX   VBOXBIOS 00000002 INTL 20100528)
[    0.000000] ACPI: FACS 0x000000003FFF0200 000040
[    0.000000] ACPI: FACS 0x000000003FFF0200 000040
[    0.000000] ACPI: APIC 0x000000003FFF0240 00005C (v02 VBOX   VBOXAPIC 00000001 ASL  00000061)
[    0.000000] ACPI: SSDT 0x000000003FFF02A0 0001CC (v01 VBOX   VBOXCPUT 00000002 INTL 20100528)
[    0.000000] ACPI: Reserving FACP table memory at [mem 0x3fff00f0-0x3fff01e3]
[    0.000000] ACPI: Reserving DSDT table memory at [mem 0x3fff0470-0x3fff2794]
[    0.000000] ACPI: Reserving FACS table memory at [mem 0x3fff0200-0x3fff023f]
[    0.000000] ACPI: Reserving FACS table memory at [mem 0x3fff0200-0x3fff023f]
[    0.000000] ACPI: Reserving APIC table memory at [mem 0x3fff0240-0x3fff029b]
[    0.000000] ACPI: Reserving SSDT table memory at [mem 0x3fff02a0-0x3fff046b]
[    0.000000] No NUMA configuration found
[    0.000000] Faking a node at [mem 0x0000000000000000-0x000000003ffeffff]
[    0.000000] NODE_DATA(0) allocated [mem 0x3ffc5000-0x3ffeffff]
[    0.000000] kvm-clock: cpu 0, msr 0:3ff44001, primary cpu clock
[    0.000000] kvm-clock: Using msrs 4b564d01 and 4b564d00
[    0.000000] kvm-clock: using sched offset of 4087653919 cycles
[    0.000000] clocksource: kvm-clock: mask: 0xffffffffffffffff max_cycles: 0x1cd42e4dffb, max_idle_ns: 881590591483 ns
[    0.000000] Zone ranges:
[    0.000000]   DMA      [mem 0x0000000000001000-0x0000000000ffffff]
[    0.000000]   DMA32    [mem 0x0000000001000000-0x000000003ffeffff]
[    0.000000]   Normal   empty
[    0.000000]   Device   empty
[    0.000000] Movable zone start for each node
[    0.000000] Early memory node ranges
[    0.000000]   node   0: [mem 0x0000000000001000-0x000000000009efff]
[    0.000000]   node   0: [mem 0x0000000000100000-0x000000003ffeffff]
[    0.000000] Reserved but unavailable: 104 pages
[    0.000000] Initmem setup node 0 [mem 0x0000000000001000-0x000000003ffeffff]
[    0.000000] ACPI: PM-Timer IO Port: 0x4008
[    0.000000] IOAPIC[0]: apic_id 2, version 32, address 0xfec00000, GSI 0-23
[    0.000000] ACPI: INT_SRC_OVR (bus 0 bus_irq 0 global_irq 2 dfl dfl)
[    0.000000] ACPI: INT_SRC_OVR (bus 0 bus_irq 9 global_irq 9 low level)
[    0.000000] Using ACPI (MADT) for SMP configuration information
[    0.000000] smpboot: Allowing 2 CPUs, 0 hotplug CPUs
[    0.000000] PM: Registered nosave memory: [mem 0x00000000-0x00000fff]
[    0.000000] PM: Registered nosave memory: [mem 0x0009f000-0x0009ffff]
[    0.000000] PM: Registered nosave memory: [mem 0x000a0000-0x000effff]
[    0.000000] PM: Registered nosave memory: [mem 0x000f0000-0x000fffff]
[    0.000000] e820: [mem 0x40000000-0xfebfffff] available for PCI devices
[    0.000000] Booting paravirtualized kernel on KVM
[    0.000000] clocksource: refined-jiffies: mask: 0xffffffff max_cycles: 0xffffffff, max_idle_ns: 7645519600211568 ns
[    0.000000] random: get_random_bytes called from start_kernel+0x99/0x500 with crng_init=0
[    0.000000] setup_percpu: NR_CPUS:8192 nr_cpumask_bits:2 nr_cpu_ids:2 nr_node_ids:1
[    0.000000] percpu: Embedded 50 pages/cpu s167936 r8192 d28672 u1048576
[    0.000000] PV qspinlock hash table entries: 256 (order: 0, 4096 bytes)
[    0.000000] Built 1 zonelists, mobility grouping on.  Total pages: 257913
[    0.000000] Policy zone: DMA32
[    0.000000] Kernel command line: BOOT_IMAGE=/boot/vmlinuz-4.15.0-191-generic root=LABEL=cloudimg-rootfs ro console=tty1 console=ttyS0
[    0.000000] Memory: 982644K/1048120K available (12300K kernel code, 2484K rwdata, 4324K rodata, 2468K init, 2724K bss, 65476K reserved, 0K cma-reserved)
[    0.000000] SLUB: HWalign=64, Order=0-3, MinObjects=0, CPUs=2, Nodes=1
[    0.000000] ftrace: allocating 39485 entries in 155 pages
[    0.004000] Hierarchical RCU implementation.
[    0.004000] 	RCU restricting CPUs from NR_CPUS=8192 to nr_cpu_ids=2.
[    0.004000] 	Tasks RCU enabled.
[    0.004000] RCU: Adjusting geometry for rcu_fanout_leaf=16, nr_cpu_ids=2
[    0.004000] NR_IRQS: 524544, nr_irqs: 440, preallocated irqs: 16
[    0.004000] Console: colour VGA+ 80x25
[    0.004000] console [tty1] enabled
[    0.004000] console [ttyS0] enabled
[    0.004000] ACPI: Core revision 20170831
[    0.004000] ACPI: 2 ACPI AML tables successfully acquired and loaded
[    0.004000] APIC: Switch to symmetric I/O mode setup
[    0.004000] ..TIMER: vector=0x30 apic1=0 pin1=2 apic2=-1 pin2=-1
[    0.004000] tsc: Detected 3593.256 MHz processor
[    0.004000] Calibrating delay loop (skipped) preset value.. 7186.51 BogoMIPS (lpj=14373024)
[    0.004000] pid_max: default: 32768 minimum: 301
[    0.004000] Security Framework initialized
[    0.004000] Yama: becoming mindful.
[    0.004000] AppArmor: AppArmor initialized
[    0.004000] Dentry cache hash table entries: 131072 (order: 8, 1048576 bytes)
[    0.008596] Inode-cache hash table entries: 65536 (order: 7, 524288 bytes)
[    0.012068] Mount-cache hash table entries: 2048 (order: 2, 16384 bytes)
[    0.016063] Mountpoint-cache hash table entries: 2048 (order: 2, 16384 bytes)
[    0.021098] Last level iTLB entries: 4KB 1024, 2MB 1024, 4MB 512
[    0.024002] Last level dTLB entries: 4KB 2048, 2MB 2048, 4MB 1024, 1GB 0
[    0.028003] Spectre V1 : Mitigation: usercopy/swapgs barriers and __user pointer sanitization
[    0.032009] Spectre V2 : Mitigation: Retpolines
[    0.036003] Spectre V2 : Spectre v2 / SpectreRSB mitigation: Filling RSB on context switch
[    0.040156] Freeing SMP alternatives memory: 36K
[    0.170553] APIC calibration not consistent with PM-Timer: 110ms instead of 100ms
[    0.172000] APIC delta adjusted to PM-Timer: 6408851 (7099807)
[    0.172322] smpboot: CPU0: AMD Ryzen 5 3500X 6-Core Processor (family: 0x17, model: 0x71, stepping: 0x0)
[    0.176447] Performance Events: PMU not available due to virtualization, using software events only.
[    0.180103] Hierarchical SRCU implementation.
[    0.184742] NMI watchdog: Perf event create on CPU 0 failed with -2
[    0.188003] NMI watchdog: Perf NMI watchdog permanently disabled
[    0.192369] smp: Bringing up secondary CPUs ...
[    0.196608] x86: Booting SMP configuration:
[    0.200009] .... node  #0, CPUs:      #1
[    0.004000] kvm-clock: cpu 1, msr 0:3ff44041, secondary cpu clock
[    0.208000] TSC synchronization [CPU#0 -> CPU#1]:
[    0.208000] Measured 40317 cycles TSC warp between CPUs, turning off TSC clock.
[    0.208000] tsc: Marking TSC unstable due to check_tsc_sync_source failed
[    0.212204] smp: Brought up 1 node, 2 CPUs
[    0.215342] smpboot: Max logical packages: 1
[    0.216063] smpboot: Total of 2 processors activated (14373.02 BogoMIPS)
[    0.224144] devtmpfs: initialized
[    0.227108] x86/mm: Memory block size: 128MB
[    0.232507] evm: security.selinux
[    0.236003] evm: security.SMACK64
[    0.238752] evm: security.SMACK64EXEC
[    0.244004] evm: security.SMACK64TRANSMUTE
[    0.248004] evm: security.SMACK64MMAP
[    0.248004] evm: security.apparmor
[    0.252005] evm: security.ima
[    0.256004] evm: security.capability
[    0.264147] clocksource: jiffies: mask: 0xffffffff max_cycles: 0xffffffff, max_idle_ns: 7645041785100000 ns
[    0.268011] futex hash table entries: 512 (order: 3, 32768 bytes)
[    0.276113] pinctrl core: initialized pinctrl subsystem
[    0.280401] RTC time:  1:31:45, date: 09/13/22
[    0.284775] NET: Registered protocol family 16
[    0.288152] audit: initializing netlink subsys (disabled)
[    0.292274] audit: type=2000 audit(1663032710.984:1): state=initialized audit_enabled=0 res=1
[    0.300005] cpuidle: using governor ladder
[    0.304111] cpuidle: using governor menu
[    0.310203] ACPI: bus type PCI registered
[    0.312004] acpiphp: ACPI Hot Plug PCI Controller Driver version: 0.5
[    0.320547] PCI: Using configuration type 1 for base access
[    0.324002] PCI: Using configuration type 1 for extended access
[    0.332336] HugeTLB registered 2.00 MiB page size, pre-allocated 0 pages
[    0.340265] ACPI: Added _OSI(Module Device)
[    0.344020] ACPI: Added _OSI(Processor Device)
[    0.348003] ACPI: Added _OSI(3.0 _SCP Extensions)
[    0.352003] ACPI: Added _OSI(Processor Aggregator Device)
[    0.356003] ACPI: Added _OSI(Linux-Dell-Video)
[    0.360007] ACPI: Added _OSI(Linux-Lenovo-NV-HDMI-Audio)
[    0.364004] ACPI: Added _OSI(Linux-HPI-Hybrid-Graphics)
[    0.368792] ACPI: Executed 1 blocks of module-level executable AML code
[    0.377798] ACPI: Interpreter enabled
[    0.380016] ACPI: (supports S0 S5)
[    0.382732] ACPI: Using IOAPIC for interrupt routing
[    0.384415] PCI: Using host bridge windows from ACPI; if necessary, use "pci=nocrs" and report a bug
[    0.392229] ACPI: Enabled 2 GPEs in block 00 to 07
[    0.407379] ACPI: PCI Root Bridge [PCI0] (domain 0000 [bus 00-ff])
[    0.412009] acpi PNP0A03:00: _OSC: OS supports [ExtendedConfig ASPM ClockPM Segments MSI]
[    0.417477] acpi PNP0A03:00: _OSC: platform does not support [PCIeCapability]
[    0.424716] acpi PNP0A03:00: _OSC: not requesting control; platform does not support [PCIeCapability]
[    0.432004] acpi PNP0A03:00: _OSC: OS requested [PCIeHotplug PME AER PCIeCapability]
[    0.436004] acpi PNP0A03:00: _OSC: platform willing to grant [PCIeHotplug PME AER]
[    0.440004] acpi PNP0A03:00: _OSC failed (AE_SUPPORT); disabling ASPM
[    0.448741] PCI host bridge to bus 0000:00
[    0.452090] pci_bus 0000:00: root bus resource [io  0x0000-0x0cf7 window]
[    0.456004] pci_bus 0000:00: root bus resource [io  0x0d00-0xffff window]
[    0.460004] pci_bus 0000:00: root bus resource [mem 0x000a0000-0x000bffff window]
[    0.468006] pci_bus 0000:00: root bus resource [mem 0x40000000-0xfdffffff window]
[    0.472004] pci_bus 0000:00: root bus resource [bus 00-ff]
[    0.483882] pci 0000:00:01.1: legacy IDE quirk: reg 0x10: [io  0x01f0-0x01f7]
[    0.488003] pci 0000:00:01.1: legacy IDE quirk: reg 0x14: [io  0x03f6]
[    0.492003] pci 0000:00:01.1: legacy IDE quirk: reg 0x18: [io  0x0170-0x0177]
[    0.496006] pci 0000:00:01.1: legacy IDE quirk: reg 0x1c: [io  0x0376]
[    0.519908] pci 0000:00:07.0: quirk: [io  0x4000-0x403f] claimed by PIIX4 ACPI
[    0.524033] pci 0000:00:07.0: quirk: [io  0x4100-0x410f] claimed by PIIX4 SMB
[    0.539256] ACPI: PCI Interrupt Link [LNKA] (IRQs 5 9 10 *11)
[    0.544426] ACPI: PCI Interrupt Link [LNKB] (IRQs 5 9 *10 11)
[    0.548192] ACPI: PCI Interrupt Link [LNKC] (IRQs 5 *9 10 11)
[    0.552191] ACPI: PCI Interrupt Link [LNKD] (IRQs 5 9 10 *11)
[    0.556597] SCSI subsystem initialized
[    0.560297] pci 0000:00:02.0: vgaarb: setting as boot VGA device
[    0.564000] pci 0000:00:02.0: vgaarb: VGA device added: decodes=io+mem,owns=io+mem,locks=none
[    0.572006] pci 0000:00:02.0: vgaarb: bridge control possible
[    0.576003] vgaarb: loaded
[    0.578409] ACPI: bus type USB registered
[    0.580019] usbcore: registered new interface driver usbfs
[    0.584011] usbcore: registered new interface driver hub
[    0.588012] usbcore: registered new device driver usb
[    0.592195] EDAC MC: Ver: 3.0.0
[    0.600124] PCI: Using ACPI for IRQ routing
[    0.603783] NetLabel: Initializing
[    0.604003] NetLabel:  domain hash size = 128
[    0.608002] NetLabel:  protocols = UNLABELED CIPSOv4 CALIPSO
[    0.612024] NetLabel:  unlabeled traffic allowed by default
[    0.616331] clocksource: Switched to clocksource kvm-clock
[    0.656025] VFS: Disk quotas dquot_6.6.0
[    0.664091] VFS: Dquot-cache hash table entries: 512 (order 0, 4096 bytes)
[    0.669796] AppArmor: AppArmor Filesystem Enabled
[    0.673877] pnp: PnP ACPI init
[    0.678230] pnp: PnP ACPI: found 3 devices
[    0.714520] clocksource: acpi_pm: mask: 0xffffff max_cycles: 0xffffff, max_idle_ns: 2085701024 ns
[    0.721692] NET: Registered protocol family 2
[    0.725712] IP idents hash table entries: 16384 (order: 5, 131072 bytes)
[    0.731061] TCP established hash table entries: 8192 (order: 4, 65536 bytes)
[    0.736923] TCP bind hash table entries: 8192 (order: 5, 131072 bytes)
[    0.742329] TCP: Hash tables configured (established 8192 bind 8192)
[    0.747865] UDP hash table entries: 512 (order: 2, 16384 bytes)
[    0.752449] UDP-Lite hash table entries: 512 (order: 2, 16384 bytes)
[    0.757424] NET: Registered protocol family 1
[    0.760995] pci 0000:00:00.0: Limiting direct PCI/PCI transfers
[    0.765639] pci 0000:00:01.0: Activating ISA DMA hang workarounds
[    0.770668] pci 0000:00:02.0: Video device with shadowed ROM at [mem 0x000c0000-0x000dffff]
[    0.777623] Unpacking initramfs...
[    0.858768] Freeing initrd memory: 19532K
[    1.208505] clocksource: tsc: mask: 0xffffffffffffffff max_cycles: 0x33cb701b428, max_idle_ns: 440795269020 ns
[    1.215770] platform rtc_cmos: registered platform RTC device (no PNP device found)
[    1.221531] Scanning for low memory corruption every 60 seconds
[    1.227649] Initialise system trusted keyrings
[    1.231272] Key type blacklist registered
[    1.235128] workingset: timestamp_bits=36 max_order=18 bucket_order=0
[    1.241560] zbud: loaded
[    1.244710] squashfs: version 4.0 (2009/01/31) Phillip Lougher
[    1.250131] fuse init (API version 7.26)
[    1.275228] Key type asymmetric registered
[    1.278318] Asymmetric key parser 'x509' registered
[    1.282014] Block layer SCSI generic (bsg) driver version 0.4 loaded (major 246)
[    1.287831] io scheduler noop registered
[    1.290888] io scheduler deadline registered
[    1.294202] io scheduler cfq registered (default)
[    1.298133] ACPI: AC Adapter [AC] (on-line)
[    1.301909] input: Power Button as /devices/LNXSYSTM:00/LNXPWRBN:00/input/input0
[    1.307386] ACPI: Power Button [PWRF]
[    1.310632] input: Sleep Button as /devices/LNXSYSTM:00/LNXSLPBN:00/input/input1
[    1.316151] ACPI: Sleep Button [SLPF]
[    1.319787] Serial: 8250/16550 driver, 32 ports, IRQ sharing enabled
[    1.352844] 00:02: ttyS0 at I/O 0x3f8 (irq = 4, base_baud = 115200) is a 16550A
[    1.371716] Linux agpgart interface v0.103
[    1.379692] loop: module loaded
[    1.384421] scsi host0: ata_piix
[    1.387159] scsi host1: ata_piix
[    1.389638] ata1: PATA max UDMA/33 cmd 0x1f0 ctl 0x3f6 bmdma 0xd000 irq 14
[    1.394471] ata2: PATA max UDMA/33 cmd 0x170 ctl 0x376 bmdma 0xd008 irq 15
[    1.399540] tun: Universal TUN/TAP device driver, 1.6
[    1.403679] PPP generic driver version 2.4.2
[    1.407062] ehci_hcd: USB 2.0 'Enhanced' Host Controller (EHCI) Driver
[    1.411902] ehci-pci: EHCI PCI platform driver
[    1.415251] ehci-platform: EHCI generic platform driver
[    1.419066] ohci_hcd: USB 1.1 'Open' Host Controller (OHCI) Driver
[    1.423688] ohci-pci: OHCI PCI platform driver
[    1.427092] ohci-platform: OHCI generic platform driver
[    1.430923] uhci_hcd: USB Universal Host Controller Interface driver
[    1.435723] i8042: PNP: PS/2 Controller [PNP0303:PS2K,PNP0f03:PS2M] at 0x60,0x64 irq 1,12
[    1.444541] serio: i8042 KBD port at 0x60,0x64 irq 1
[    1.448192] serio: i8042 AUX port at 0x60,0x64 irq 12
[    1.452775] mousedev: PS/2 mouse device common for all mice
[    1.459448] rtc_cmos rtc_cmos: rtc core: registered rtc_cmos as rtc0
[    1.464787] input: AT Translated Set 2 keyboard as /devices/platform/i8042/serio0/input/input2
[    1.468844] rtc_cmos rtc_cmos: alarms up to one day, 114 bytes nvram
[    1.476167] i2c /dev entries driver
[    1.478984] device-mapper: uevent: version 1.0.3
[    1.482941] device-mapper: ioctl: 4.37.0-ioctl (2017-09-20) initialised: dm-devel@redhat.com
[    1.489611] ledtrig-cpu: registered to indicate activity on CPUs
[    1.496128] NET: Registered protocol family 10
[    1.507645] Segment Routing with IPv6
[    1.510649] NET: Registered protocol family 17
[    1.514781] Key type dns_resolver registered
[    1.518398] mce: Using 0 MCE banks
[    1.521060] RAS: Correctable Errors collector initialized.
[    1.525206] sched_clock: Marking stable (1525166340, 0)->(2107872341, -582706001)
[    1.533951] registered taskstats version 1
[    1.537078] Loading compiled-in X.509 certificates
[    1.544462] Loaded X.509 cert 'Build time autogenerated kernel key: c22b55fccca0ab4a1b471e83eb5a5035df964114'
[    1.551773] Loaded X.509 cert 'Canonical Ltd. Live Patch Signing: 14df34d1a87cf37625abec039ef2bf521249b969'
[    1.558884] Loaded X.509 cert 'Canonical Ltd. Kernel Module Signing: 88f752e560a1e0737e31163a466ad7b70a850c19'
[    1.566445] blacklist: Loading compiled-in revocation X.509 certificates
[    1.571483] Loaded X.509 cert 'Canonical Ltd. Secure Boot Signing: 61482aa2830d0ab2ad5af10b7250da9033ddcef0'
[    1.578333] zswap: loaded using pool lzo/zbud
[    1.617243] Key type big_key registered
[    1.619999] Key type trusted registered
[    1.625750] Key type encrypted registered
[    1.628829] AppArmor: AppArmor sha1 policy hashing enabled
[    1.632902] ima: No TPM chip found, activating TPM-bypass! (rc=-19)
[    1.637316] ima: Allocated hash algorithm: sha1
[    1.640642] evm: HMAC attrs: 0x1
[    1.643767]   Magic number: 6:575:508
[    1.646894] pci 0000:00:01.0: hash matches
[    1.650506] rtc_cmos rtc_cmos: setting system clock to 2022-09-13 01:31:47 UTC (1663032707)
[    1.656818] BIOS EDD facility v0.16 2004-Jun-25, 0 devices found
[    1.661323] EDD information not available.
[    1.667810] Freeing unused kernel image memory: 2468K
[    1.684174] Write protecting the kernel read-only data: 20480k
[    1.689578] Freeing unused kernel image memory: 2008K
[    1.693910] Freeing unused kernel image memory: 1820K
[    1.703811] x86/mm: Checked W+X mappings: passed, no W+X pages found.
Loading, please wait...
starting version 237
[    1.770045] e1000: Intel(R) PRO/1000 Network Driver - version 7.3.21-k8-NAPI
[    1.775895] e1000: Copyright (c) 1999-2006 Intel Corporation.
[    1.781632] Fusion MPT base driver 3.04.20
[    1.784737] Copyright (c) 1999-2008 LSI Corporation
[    1.806895] Fusion MPT SPI Host driver 3.04.20
[    2.019298] input: ImExPS/2 Generic Explorer Mouse as /devices/platform/i8042/serio1/input/input4
[    2.373835] e1000 0000:00:03.0 eth0: (PCI:33MHz:32-bit) 02:7d:7d:ce:01:7d
[    2.379207] e1000 0000:00:03.0 eth0: Intel(R) PRO/1000 Network Connection
[    2.950431] e1000 0000:00:08.0 eth1: (PCI:33MHz:32-bit) 08:00:27:44:6c:c6
[    2.956120] e1000 0000:00:08.0 eth1: Intel(R) PRO/1000 Network Connection
[    2.963158] e1000 0000:00:03.0 enp0s3: renamed from eth0
[    2.968659] mptbase: ioc0: Initiating bringup
[    2.976450] e1000 0000:00:08.0 enp0s8: renamed from eth1
[    3.070491] ioc0: LSI53C1030 A0: Capabilities={Initiator}
[    3.323822] scsi host2: ioc0: LSI53C1030 A0, FwRev=00000000h, Ports=1, MaxQ=256, IRQ=20
[    3.497919] scsi 2:0:0:0: Direct-Access     VBOX     HARDDISK         1.0  PQ: 0 ANSI: 5
[    3.536166] scsi target2:0:0: Beginning Domain Validation
[    3.546103] scsi target2:0:0: Domain Validation skipping write tests
[    3.550893] scsi target2:0:0: Ending Domain Validation
[    3.555166] scsi target2:0:0: asynchronous
[    3.560468] scsi 2:0:1:0: Direct-Access     VBOX     HARDDISK         1.0  PQ: 0 ANSI: 5
[    3.596541] scsi target2:0:1: Beginning Domain Validation
[    3.602983] random: fast init done
[    3.609389] scsi target2:0:1: Domain Validation skipping write tests
[    3.614125] scsi target2:0:1: Ending Domain Validation
[    3.618540] scsi target2:0:1: asynchronous
[    3.631537] random: systemd-udevd: uninitialized urandom read (16 bytes read)
[    3.631612] sd 2:0:0:0: Attached scsi generic sg0 type 0
[    3.637117] random: systemd-udevd: uninitialized urandom read (16 bytes read)
[    3.646685] random: systemd-udevd: uninitialized urandom read (16 bytes read)
[    3.652440] sd 2:0:0:0: [sda] 83886080 512-byte logical blocks: (42.9 GB/40.0 GiB)
[    3.652959] sd 2:0:1:0: [sdb] 20480 512-byte logical blocks: (10.5 MB/10.0 MiB)
[    3.658108] sd 2:0:1:0: Attached scsi generic sg1 type 0
[    3.664506] sd 2:0:0:0: [sda] Write Protect is off
[    3.667788] sd 2:0:1:0: [sdb] Write Protect is off
[    3.675455] sd 2:0:1:0: [sdb] Incomplete mode parameter data
[    3.675691] sd 2:0:0:0: [sda] Incomplete mode parameter data
[    3.679657] sd 2:0:1:0: [sdb] Assuming drive cache: write through
[    3.688992] sd 2:0:0:0: [sda] Assuming drive cache: write through
[    3.697444]  sda: sda1
[    3.702510] sd 2:0:0:0: [sda] Attached SCSI disk
[    3.706689] sd 2:0:1:0: [sdb] Attached SCSI disk
Begin: Loading essential drivers ... [    6.345206] raid6: sse2x1   gen() 173508 MB/s
[    8.342421] raid6: sse2x1   xor() 184334 MB/s
[   10.344672] raid6: sse2x2   gen() 396503 MB/s
[   10.394665] raid6: sse2x2   xor() 10763 MB/s
[   10.448233] raid6: sse2x4   gen() 16383 MB/s
[   10.501778] raid6: sse2x4   xor()  9238 MB/s
[   10.504923] raid6: using algorithm sse2x2 gen() 396503 MB/s
[   10.509072] raid6: .... xor() 10763 MB/s, rmw enabled
[   10.512777] raid6: using ssse3x2 recovery algorithm
[   10.518632] xor: measuring software checksum speed
[   10.560931]    prefetch64-sse: 18187.000 MB/sec
[   10.600531]    generic_sse: 18132.000 MB/sec
[   10.603702] xor: using function: prefetch64-sse (18187.000 MB/sec)
[   10.609733] async_tx: api initialized (async)
done.
Begin: Running /scripts/init-premount ... done.
Begin: Mounting root file system ... Begin: Running /scripts/local-top ... done.
Begin: Running /scripts/local-premount ... [   10.661237] Btrfs loaded, crc32c=crc32c-intel
Scanning for Btrfs filesystems
done.
Warning: fsck not present, so skipping root file system
[   10.707340] EXT4-fs (sda1): mounted filesystem with ordered data mode. Opts: (null)
done.
Begin: Running /scripts/local-bottom ... done.
Begin: Running /scripts/init-bottom ... done.
[   10.901169] ip_tables: (C) 2000-2006 Netfilter Core Team
[   10.917856] systemd[1]: systemd 237 running in system mode. (+PAM +AUDIT +SELINUX +IMA +APPARMOR +SMACK +SYSVINIT +UTMP +LIBCRYPTSETUP +GCRYPT +GNUTLS +ACL +XZ +LZ4 +SECCOMP +BLKID +ELFUTILS +KMOD -IDN2 +IDN -PCRE2 default-hierarchy=hybrid)
[   10.933168] systemd[1]: Detected virtualization oracle.
[   10.936927] systemd[1]: Detected architecture x86-64.

Welcome to [1mUbuntu 18.04.6 LTS[0m!

[   10.965305] systemd[1]: Set hostname to <ubuntu>.
[   10.976828] systemd[1]: Initializing machine ID from random generator.
[   10.981700] systemd[1]: Installed transient /etc/machine-id file.
[   11.290971] systemd[1]: Created slice System Slice.
[[0;32m  OK  [0m] Created slice System Slice.
[   11.298148] systemd[1]: Listening on fsck to fsckd communication Socket.
[[0;32m  OK  [0m] Listening on fsck to fsckd communication Socket.
[   11.306723] systemd[1]: Listening on Syslog Socket.
[[0;32m  OK  [0m] Listening on Syslog Socket.
[   11.313873] systemd[1]: Listening on LVM2 poll daemon socket.
[[0;32m  OK  [0m] Listening on LVM2 poll daemon socket.
[[0;32m  OK  [0m] Reached target Swap.
[[0;32m  OK  [0m] Set up automount Arbitrary Executab…rmats File System Automount Point.
[[0;32m  OK  [0m] Listening on Journal Audit Socket.
[[0;32m  OK  [0m] Created slice system-serial\x2dgetty.slice.
[[0;32m  OK  [0m] Listening on Network Service Netlink Socket.
[[0;32m  OK  [0m] Reached target User and Group Name Lookups.
[[0;32m  OK  [0m] Listening on udev Control Socket.
[[0;32m  OK  [0m] Listening on Journal Socket.
         Starting File System Check on Root Device...
         Mounting Kernel Debug File System...
         Starting Create list of required st…ce nodes for the current kernel...
         Mounting Huge Pages File System...
         Starting Set the console keyboard layout...
         Starting Load Kernel Modules...
         Mounting POSIX Message Queue File System...
[[0;32m  OK  [0m] Listening on /dev/initctl Compatibility Named Pipe.
[[0;32m  OK  [0m] Listening on udev Kernel Socket.
         Starting udev Coldplug all Devices...
[[0;32m  OK  [0m] Reached target System Time Synchronized.
[[0;32m  OK  [0m] Listening on Journal Socket (/dev/log).
         Starting Journal Service...
[[0;32m  OK  [0m] Created slice User and Session Slice.
[[0;32m  OK  [0m] Listening on LVM2 metadata daemon socket.
[[0;32m  OK  [0m] Started Forward Password Requests to Wall Directory Watch.
[[0;32m  OK  [0m] Reached target Slices.
         Starting Uncomplicated firewall...
[[0;32m  OK  [0m] Listening on Device-mapper event daemon FIFOs.
         Starting Monitoring of LVM2 mirrors…ng dmeventd or progress polling...
[[0;32m  OK  [0m] Started File System Check on Root Device.
[[0;32m  OK  [0m] Mounted Kernel Debug File System.
[[0;32m  OK  [0m] [   11.454182] Loading iSCSI transport class v2.0-870.
Started Create list of required sta…vice nodes for the current kernel.
[[0;32m  OK  [0m] Mounted Huge Pages File System.
[[0;32m  OK  [0m] Mounted POSIX Message Queue File System.
[[0;32m  OK  [0m] Started Uncomplicated firewall.
[[0;32m  OK  [0m] Started File System Check Daemon to report status.
         Starting Create Static Device Nodes in /dev...
         Starting Remount Root and Kernel File Systems...
[[0;32m  OK  [0m] Started udev Coldplug all Devices.
[[0;32m  OK  [0m] Started LVM2 metadata daemon.
[[0;32m  OK  [0m] Started Journal Service.
[   11.521079] iscsi: registered transport (tcp)
[   11.546066] iscsi: registered transport (iser)
[[0;32m  OK  [0m] Started Load Kernel Modules.
         Mounting Kernel Configuration File System...
         Mounting FUSE Control File System...
         Starting Apply Kernel Variables...
[[0;32m  OK  [0m] Mounted Kernel Configuration File System.
[[0;32m  OK  [0m] Mounted FUSE Control File System.
[[0;32m  OK  [0m] Started Create Static Device Nodes in /dev.
[[0;32m  OK  [0m] Started Remount Root and Kernel File Systems.
         Starting udev Kernel Device Manager...
         Starting Load/Save Random Seed...
         Starting Flush Journal to Persistent Storage...
[[0;32m  OK  [0m] Started Apply Kernel Variables.
[[0;32m  OK  [0m] Started Monitoring of LVM2 mirrors,…sing dmeventd or progress polling.
[[0;32m  OK  [0m] Started udev Kernel Device Manager.
[[0;32m  OK  [0m] Started Load/Save Random Seed.
[[0;32m  OK  [0m] Started Flush Journal to Persistent Storage.
[[0;32m  OK  [0m] Found device /dev/ttyS0.
[[0;32m  OK  [0m] Listening on Load/Save RF Kill Switch Status /dev/rfkill Watch.
[[0;32m  OK  [0m] Started Set the console keyboard layout.
[[0;32m  OK  [0m] Reached target Local File Systems (Pre).
[[0;32m  OK  [0m] Reached target Local File Systems.
         Starting Commit a transient machine-id on disk...
         Starting ebtables ruleset management...
         Starting Create Volatile Files and Directories...
         Starting AppArmor initialization...
         Starting Set console font and keymap...
         Starting Tell Plymouth To Write Out Runtime Data...
[[0;32m  OK  [0m] Started Dispatch Password Requests to Console Directory Watch.
[[0;32m  OK  [0m] Reached target Local Encrypted Volumes.
[[0;32m  OK  [0m] Started Create Volatile Files and Directories.
         Starting Update UTMP about System Boot/Shutdown...
[[0;32m  OK  [0m] Started Tell Plymouth To Write Out Runtime Data.
[[0;32m  OK  [0m] Started Update UTMP about System Boot/Shutdown.
[[0;32m  OK  [0m] Started Commit a transient machine-id on disk.
[[0;32m  OK  [0m] Started ebtables ruleset management.
[[0;32m  OK  [0m] Started AppArmor initialization.
         Starting Load AppArmor profiles managed internally by snapd...
         Starting Initial cloud-init job (pre-networking)...
[[0;32m  OK  [0m] Started Load AppArmor profiles managed internally by snapd.
[[0;32m  OK  [0m] Started Set console font and keymap.
[   14.553956] cloud-init[744]: Cloud-init v. 22.2-0ubuntu1~18.04.3 running 'init-local' at Tue, 13 Sep 2022 01:32:00 +0000. Up 14.24 seconds.
[[0;32m  OK  [0m] Started Initial cloud-init job (pre-networking).
[[0;32m  OK  [0m] Reached target Network (Pre).
         Starting Network Service...
[[0;32m  OK  [0m] Started Network Service.
         Starting Wait for Network to be Configured...
         Starting Network Name Resolution...
[[0;32m  OK  [0m] Started Network Name Resolution.
[[0;32m  OK  [0m] Reached target Network.
[[0;32m  OK  [0m] Reached target Host and Network Name Lookups.
[[0;32m  OK  [0m] Started Wait for Network to be Configured.
         Starting Initial cloud-init job (metadata service crawler)...
[   16.217945] cloud-init[882]: Cloud-init v. 22.2-0ubuntu1~18.04.3 running 'init' at Tue, 13 Sep 2022 01:32:01 +0000. Up 16.11 seconds.
[   16.223328] cloud-init[882]: ci-info: ++++++++++++++++++++++++++++++++++++++Net device info++++++++++++++++++++++++++++++++++++++
[   16.228853] cloud-init[882]: ci-info: +--------+-------+---------------------------+---------------+--------+-------------------+
[   16.233998] cloud-init[882]: ci-info: | Device |   Up  |          Address          |      Mask     | Scope  |     Hw-Address    |
[   16.239049] cloud-init[882]: ci-info: +--------+-------+---------------------------+---------------+--------+-------------------+
[   16.244105] cloud-init[882]: ci-info: | enp0s3 |  True |         10.0.2.15         | 255.255.255.0 | global | 02:7d:7d:ce:01:7d |
[   16.249362] cloud-init[882]: ci-info: | enp0s3 |  True | fe80::7d:7dff:fece:17d/64 |       .       |  link  | 02:7d:7d:ce:01:7d |
[   16.254483] cloud-init[882]: ci-info: | enp0s8 | False |             .             |       .       |   .    | 08:00:27:44:6c:c6 |
[   16.259816] cloud-init[882]: ci-info: |   lo   |  True |         127.0.0.1         |   255.0.0.0   |  host  |         .         |
[   16.265110] cloud-init[882]: ci-info: |   lo   |  True |          ::1/128          |       .       |  host  |         .         |
[   16.270471] cloud-init[882]: ci-info: +--------+-------+---------------------------+---------------+--------+-------------------+
[   16.275546] cloud-init[882]: ci-info: ++++++++++++++++++++++++++++Route IPv4 info+++++++++++++++++++++++++++++
[   16.280183] cloud-init[882]: ci-info: +-------+-------------+----------+-----------------+-----------+-------+
[   16.285096] cloud-init[882]: ci-info: | Route | Destination | Gateway  |     Genmask     | Interface | Flags |
[   16.290240] cloud-init[882]: ci-info: +-------+-------------+----------+-----------------+-----------+-------+
[   16.294982] cloud-init[882]: ci-info: |   0   |   0.0.0.0   | 10.0.2.2 |     0.0.0.0     |   enp0s3  |   UG  |
[   16.299648] cloud-init[882]: ci-info: |   1   |   10.0.2.0  | 0.0.0.0  |  255.255.255.0  |   enp0s3  |   U   |
[   16.304647] cloud-init[882]: ci-info: |   2   |   10.0.2.2  | 0.0.0.0  | 255.255.255.255 |   enp0s3  |   UH  |
[   16.309585] cloud-init[882]: ci-info: +-------+-------------+----------+-----------------+-----------+-------+
[   16.314150] cloud-init[882]: ci-info: +++++++++++++++++++Route IPv6 info+++++++++++++++++++
[   16.318421] cloud-init[882]: ci-info: +-------+-------------+---------+-----------+-------+
[   16.323417] cloud-init[882]: ci-info: | Route | Destination | Gateway | Interface | Flags |
[   16.329498] cloud-init[882]: ci-info: +-------+-------------+---------+-----------+-------+
[   16.335775] cloud-init[882]: ci-info: |   1   |  fe80::/64  |    ::   |   enp0s3  |   U   |
[   16.342573] cloud-init[882]: ci-info: |   3   |    local    |    ::   |   enp0s3  |   U   |
[   16.348629] cloud-init[882]: ci-info: |   4   |   ff00::/8  |    ::   |   enp0s3  |   U   |
[   16.354823] cloud-init[882]: ci-info: +-------+-------------+---------+-----------+-------+
[   17.054329] cloud-init[882]: Generating public/private rsa key pair.
[   17.056660] cloud-init[882]: Your identification has been saved in /etc/ssh/ssh_host_rsa_key.
[   17.059256] cloud-init[882]: Your public key has been saved in /etc/ssh/ssh_host_rsa_key.pub.
[   17.061794] cloud-init[882]: The key fingerprint is:
[   17.063286] cloud-init[882]: SHA256:9/0io+22salgzeEEMrPTeZVQtBZLJSTSNt5OTZ0bEVc root@ubuntu-bionic
[   17.065776] cloud-init[882]: The key's randomart image is:
[   17.067457] cloud-init[882]: +---[RSA 2048]----+
[   17.068955] cloud-init[882]: |        ..o+B..+E|
[   17.070318] cloud-init[882]: |         .++ *.oo|
[   17.071694] cloud-init[882]: |      + .o o*o  o|
[   17.073139] cloud-init[882]: |       * o.oo .. |
[   17.074928] cloud-init[882]: |      o S =o     |
[   17.076573] cloud-init[882]: |       . B o..   |
[   17.078057] cloud-init[882]: |        o + o .  |
[   17.079469] cloud-init[882]: |       . . .++.. |
[   17.081046] cloud-init[882]: |          o=*+ ..|
[   17.082404] cloud-init[882]: +----[SHA256]-----+
[   17.083797] cloud-init[882]: Generating public/private dsa key pair.
[   17.085683] cloud-init[882]: Your identification has been saved in /etc/ssh/ssh_host_dsa_key.
[   17.088278] cloud-init[882]: Your public key has been saved in /etc/ssh/ssh_host_dsa_key.pub.
[   17.090825] cloud-init[882]: The key fingerprint is:
[   17.092443] cloud-init[882]: SHA256:/482T7ytUcrp4tmj5rIWvPmwRCkWqha2U+yZvxPY5G8 root@ubuntu-bionic
[   17.095215] cloud-init[882]: The key's randomart image is:
[   17.097067] cloud-init[882]: +---[DSA 1024]----+
[   17.098575] cloud-init[882]: |                 |
[   17.100087] cloud-init[882]: |                 |
[   17.101774] cloud-init[882]: |        .        |
[   17.103261] cloud-init[882]: |     . ... .     |
[   17.105113] cloud-init[882]: |    o +=S.o     .|
[   17.106578] cloud-init[882]: |   . *.+++o  o + |
[   17.107973] cloud-init[882]: |    = +  o++  B  |
[   17.122528] cloud-init[882]: |   . . ...E+=*.+ |
[   17.124059] cloud-init[882]: |        o=oOO*Bo.|
[   17.125792] cloud-init[882]: +----[SHA256]-----+
[   17.127386] cloud-init[882]: Generating public/private ecdsa key pair.
[   17.129402] cloud-init[882]: Your identification has been saved in /etc/ssh/ssh_host_ecdsa_key.
[   17.132261] cloud-init[882]: Your public key has been saved in /etc/ssh/ssh_host_ecdsa_key.pub.
[   17.134746] cloud-init[882]: The key fingerprint is:
[   17.136332] cloud-init[882]: SHA256:skjR+AFNz294dElQZFwlShAhi8ZbBBXzIPs1tScOzUk root@ubuntu-bionic
[   17.138933] cloud-init[882]: The key's randomart image is:
[   17.140633] cloud-init[882]: +---[ECDSA 256]---+
[   17.142221] cloud-init[882]: |    .o+oB.=OE.o..|
[   17.143849] cloud-init[882]: |     =.B * O.= . |
[   17.145274] cloud-init[882]: |    o B = * X .  |
[   17.146781] cloud-init[882]: |     + = = = o   |
[   17.148322] cloud-init[882]: |    . + S + .    |
[   17.149693] cloud-init[882]: |   . . o o       |
[   17.151059] cloud-init[882]: |    . .          |
[   17.152427] cloud-init[882]: |                 |
[   17.153868] cloud-init[882]: |                 |
[   17.155266] cloud-init[882]: +----[SHA256]-----+
[   17.156684] cloud-init[882]: Generating public/private ed25519 key pair.
[   17.158800] cloud-init[882]: Your identification has been saved in /etc/ssh/ssh_host_ed25519_key.
[   17.161520] cloud-init[882]: Your public key has been saved in /etc/ssh/ssh_host_ed25519_key.pub.
[   17.164026] cloud-init[882]: The key fingerprint is:
[   17.165690] cloud-init[882]: SHA256:TJ+EwY+JFC6XHpajOvzgPmmgSSSSPLMyafhjhbDlaE4 root@ubuntu-bionic
[   17.168294] cloud-init[882]: The key's randomart image is:
[   17.169919] cloud-init[882]: +--[ED25519 256]--+
[   17.171330] cloud-init[882]: |      .o.        |
[   17.172919] cloud-init[882]: |     ..o.o       |
[   17.174629] cloud-init[882]: |..  ..O.o+.      |
[   17.176314] cloud-init[882]: |==.  *.=oo..     |
[   17.177690] cloud-init[882]: |=B+.. . S o      |
[   17.179128] cloud-init[882]: |OEo..            |
[   17.180642] cloud-init[882]: |O==o             |
[   17.182084] cloud-init[882]: |ooB+             |
[   17.183696] cloud-init[882]: | +oo.            |
[   17.185362] cloud-init[882]: +----[SHA256]-----+
[[0;32m  OK  [0m] Started Initial cloud-init job (metadata service crawler).
[[0;32m  OK  [0m] Reached target Cloud-config availability.
[[0;32m  OK  [0m] Reached target System Initialization.
[[0;32m  OK  [0m] Started Discard unused blocks once a week.
         Starting Socket activation for snappy daemon.
[[0;32m  OK  [0m] Listening on D-Bus System Message Bus Socket.
[[0;32m  OK  [0m] Started Message of the Day.
[[0;32m  OK  [0m] Listening on ACPID Listen Socket.
[[0;32m  OK  [0m] Listening on Open-iSCSI iscsid Socket.
[[0;32m  OK  [0m] Started Daily Cleanup of Temporary Directories.
[[0;32m  OK  [0m] Started Ubuntu Advantage Timer for running repeated jobs.
[[0;32m  OK  [0m] Listening on UUID daemon activation socket.
[[0;32m  OK  [0m] Listening on cloud-init hotplug hook socket.
         Starting LXD - unix socket.
[[0;32m  OK  [0m] Started Daily apt download activities.
[[0;32m  OK  [0m] Started Daily apt upgrade and clean activities.
[[0;32m  OK  [0m] Reached target Timers.
[[0;32m  OK  [0m] Started ACPI Events Check.
[[0;32m  OK  [0m] Reached target Paths.
[[0;32m  OK  [0m] Reached target Network is Online.
         Starting Availability of block devices...
[[0;32m  OK  [0m] Reached target Remote File Systems (Pre).
[[0;32m  OK  [0m] Reached target Remote File Systems.
[[0;32m  OK  [0m] Listening on Socket activation for snappy daemon.
[[0;32m  OK  [0m] Listening on LXD - unix socket.
[[0;32m  OK  [0m] Reached target Sockets.
[[0;32m  OK  [0m] Reached target Basic System.
         Starting Login Service...
         Starting Permit User Sessions...
         Starting Virtualbox guest utils...
[[0;32m  OK  [0m] Started irqbalance daemon.
         Starting LSB: Record successful boot for GRUB...
[[0;32m  OK  [0m] Started Regular background program processing daemon.
         Starting LSB: automatic crash report generation...
         Starting LXD - container startup/shutdown...
         Starting System Logging Service...
[[0;32m  OK  [0m] Started D-Bus System Message Bus.
[[0;32m  OK  [0m] Started Login Service.
[[0;32m  OK  [0m] Started Unattended Upgrades Shutdown.
[[0;32m  OK  [0m] Started FUSE filesystem for LXC.
         Starting Pollinate to seed the pseudo random number generator...
         Starting Dispatcher daemon for systemd-networkd...
         Starting Snap Daemon...
[[0;32m  OK  [0m] Started Deferred execution scheduler.
         Starting Accounts Service...
[[0;32m  OK  [0m] Started System Logging Service.
[[0;32m  OK  [0m] Started Availability of block devices.
[[0;32m  OK  [0m] Started Permit User Sessions.
         Starting Terminate Plymouth Boot Screen...
         Starting Hold until boot process finishes up...
[[0;32m  OK  [0m] Started Terminate Plymouth Boot Screen.
[[0;32m  OK  [0m] Started Hold until boot process finishes up.
[[0;32m  OK  [0m] Started Serial Getty on ttyS0.
         Starting Set console scheme...
[[0;32m  OK  [0m] Started LSB: automatic crash report generation.
[[0;32m  OK  [0m] Started Set console scheme.
[[0;32m  OK  [0m] Created slice system-getty.slice.
[[0;32m  OK  [0m] Started Getty on tty1.
[[0;32m  OK  [0m] Reached target Login Prompts.
[[0;32m  OK  [0m] Started Virtualbox guest utils.
[[0;32m  OK  [0m] Started LSB: Record successful boot for GRUB.
[[0;32m  OK  [0m] Started LXD - container startup/shutdown.
         Starting Authorization Manager...
[[0;32m  OK  [0m] Started Dispatcher daemon for systemd-networkd.
[[0;32m  OK  [0m] Started Authorization Manager.
[[0;32m  OK  [0m] Started Accounts Service.
[[0;32m  OK  [0m] Started Snap Daemon.
         Starting Wait until snapd is fully seeded...
         Starting Time & Date Service...
[[0;32m  OK  [0m] Started Time & Date Service.
[[0;32m  OK  [0m] Started Pollinate to seed the pseudo random number generator.
         Starting OpenBSD Secure Shell server...
[[0;32m  OK  [0m] Started OpenBSD Secure Shell server.
[[0;32m  OK  [0m] Created slice User Slice of vagrant.
         Starting User Manager for UID 1000...
[[0;32m  OK  [0m] Started Session 1 of user vagrant.
[[0;32m  OK  [0m] Started User Manager for UID 1000.
[[0;32m  OK  [0m] Started Wait until snapd is fully seeded.
         Starting Apply the settings specified in cloud-config...
[   22.109871] cloud-init[1575]: Cloud-init v. 22.2-0ubuntu1~18.04.3 running 'modules:config' at Tue, 13 Sep 2022 01:32:07 +0000. Up 21.75 seconds.
[[0;32m  OK  [0m] Started Apply the settings specified in cloud-config.
[[0;32m  OK  [0m] Reached target Multi-User System.
[[0;32m  OK  [0m] Reached target Graphical Interface.
         Starting Update UTMP about System Runlevel Changes...
         Starting Execute cloud user/final scripts...
[[0;32m  OK  [0m] Started Update UTMP about System Runlevel Changes.
ci-info: no authorized SSH keys fingerprints found for user ubuntu.
<14>Sep 13 01:32:08 cloud-init: #############################################################
<14>Sep 13 01:32:08 cloud-init: -----BEGIN SSH HOST KEY FINGERPRINTS-----
<14>Sep 13 01:32:08 cloud-init: 1024 SHA256:/482T7ytUcrp4tmj5rIWvPmwRCkWqha2U+yZvxPY5G8 root@ubuntu-bionic (DSA)
<14>Sep 13 01:32:08 cloud-init: 256 SHA256:skjR+AFNz294dElQZFwlShAhi8ZbBBXzIPs1tScOzUk root@ubuntu-bionic (ECDSA)
<14>Sep 13 01:32:08 cloud-init: 256 SHA256:TJ+EwY+JFC6XHpajOvzgPmmgSSSSPLMyafhjhbDlaE4 root@ubuntu-bionic (ED25519)
<14>Sep 13 01:32:08 cloud-init: 2048 SHA256:9/0io+22salgzeEEMrPTeZVQtBZLJSTSNt5OTZ0bEVc root@ubuntu-bionic (RSA)
<14>Sep 13 01:32:08 cloud-init: -----END SSH HOST KEY FINGERPRINTS-----
<14>Sep 13 01:32:08 cloud-init: #############################################################
-----BEGIN SSH HOST KEY KEYS-----
ecdsa-sha2-nistp256 AAAAE2VjZHNhLXNoYTItbmlzdHAyNTYAAAAIbmlzdHAyNTYAAABBBNhLwErVHjM9uAxq7487iMMZ7PR2pi5i/CnYH0HbAECRaDzsu3cId0kWmLnkO5s0bnBDW/1oimyjCE8O2+zBfiU= root@ubuntu-bionic
ssh-ed25519 AAAAC3NzaC1lZDI1NTE5AAAAIGeYsKRV9fknoIb1iZb54QN6Ql45MhhwYuiyUVwCMFrd root@ubuntu-bionic
ssh-rsa AAAAB3NzaC1yc2EAAAADAQABAAABAQDe7BqdJism2KnqRrmaBJW4PVxNX87x9y91ZIz05Pjf5tOS6U4Y2LfAY/DLny5/obgs0vr/JqRcPBlq+hBeHEEK85C8YwhpKPCK3i9C6piv/C9+/r1XpvWavqsSFTeVLgcSkhTC/BRlYXIygvYRZNXsp/44AJ1iqhZ4kIzwwyz5h7Rp+Wc7K5xOmvYW38vpY1E8WRGC3iZMa75Ylr+8Us9rQQ+LJXoT2WJ1JSF3j7Vo9eEsaafrsBvAqwAq7+lT6Vq+HNmF1+PpCZTmpA/dvRqqOPOP1TFOeM/oQwwHm1yfXFjtNa1mN1MKFdIcW7gmeLoJ60NiSrfdZVWjwRzMGgxH root@ubuntu-bionic
-----END SSH HOST KEY KEYS-----
[   22.662016] cloud-init[1695]: Cloud-init v. 22.2-0ubuntu1~18.04.3 running 'modules:final' at Tue, 13 Sep 2022 01:32:08 +0000. Up 22.47 seconds.
[   22.667950] cloud-init[1695]: Cloud-init v. 22.2-0ubuntu1~18.04.3 finished at Tue, 13 Sep 2022 01:32:08 +0000. Datasource DataSourceNoCloud [seed=/dev/sdb][dsmode=net].  Up 22.65 seconds

Ubuntu 18.04.6 LTS ubuntu-bionic ttyS0

ubu[[0;32m  OK  [0m] Stopped target Cloud-init target.
[[0;32m  OK  [0m] Stopped Execute cloud user/final scripts.
[[0;32m          Stopping Authorization Manager...
         Stopping Session 3 of user vagrant.
         Stopping Availability of block devices...
[[0;32m  OK  [0m] Stopped target Cloud-init target.
[[0;32m  OK  [0m] Stopped Execute cloud user/final scripts.
[[0;32m  OK  [0m] Stopped Apply the settings specified in cloud-config.
[[0;32m  OK  [0m] Closed Load/Save RF Kill Switch Status /dev/rfkill Watch.
         Stopping User Manager for UID 1000...
[[0;32m  OK  [0m] Stopped target Graphical Interface.
[[0;32m  OK  [0m] Stopped target Multi-User System.
         Stopping FUSE filesystem for LXC...
         Stopping System Logging Service...
         Stopping The Apache HTTP Server...
         Stopping Regular background program processing daemon...
         Stopping Dispatcher daemon for systemd-networkd...
         Stopping Deferred execution scheduler...
         Stopping LXD - container startup/shutdown...
[[0;32m  OK  [0m] Stopped Wait until snapd is fully seeded.
         Stopping LSB: Record successful boot for GRUB...
         Stopping Accounts Service...
         Stopping irqbalance daemon...
         Stopping LSB: automatic crash report generation...
         Stopping Virtualbox guest utils...
         Stopping OpenBSD Secure Shell server...
[[0;32m  OK  [0m] Stopped target Cloud-config availability.
         Stopping Session 6 of user vagrant.
[[0;32m  OK  [0m] Stopped target Timers.
[[0;32m  OK  [0m] Stopped Daily apt upgrade and clean activities.
[[0;32m  OK  [0m] Stopped Message of the Day.
[[0;32m  OK  [0m] Stopped Daily Cleanup of Temporary Directories.
[[0;32m  OK  [0m] Stopped Daily apt download activities.
[[0;32m  OK  [0m] Stopped Discard unused blocks once a week.
[[0;32m  OK  [0m] Stopped Clean PHP session files every 30 mins.
[[0;32m  OK  [0m] Stopped target System Time Synchronized.
[[0;32m  OK  [0m] Stopped target Login Prompts.
         Stopping Getty on tty1...
         Stopping Serial Getty on ttyS0...
         Stopping D-Bus System Message Bus...
[[0;32m  OK  [0m] Stopped Ubuntu Advantage Timer for running repeated jobs.
[[0;32m  OK  [0m] Unmounted /var/lib/lxcfs.
[[0;32m  OK  [0m] Stopped Regular background program processing daemon.
[[0;32m  OK  [0m] Stopped System Logging Service.
[[0;32m  OK  [0m] Stopped irqbalance daemon.
[[0;32m  OK  [0m] Stopped Accounts Service.
[[0;32m  OK  [0m] Stopped Deferred execution scheduler.
[[0;32m  OK  [0m] Stopped Dispatcher daemon for systemd-networkd.
[[0;32m  OK  [0m] Stopped Authorization Manager.
[[0;32m  OK  [0m] Stopped Serial Getty on ttyS0.
[[0;32m  OK  [0m] Stopped Getty on tty1.
[[0;32m  OK  [0m] Stopped OpenBSD Secure Shell server.
[[0;32m  OK  [0m] Stopped User Manager for UID 1000.
[[0;32m  OK  [0m] Stopped Availability of block devices.
[[0;32m  OK  [0m] Stopped The Apache HTTP Server.
[[0;32m  OK  [0m] Stopped D-Bus System Message Bus.
[[0;32m  OK  [0m] Stopped FUSE filesystem for LXC.
[[0;32m  OK  [0m] Stopped Session 6 of user vagrant.
[[0;32m  OK  [0m] Stopped Session 3 of user vagrant.
[[0;32m  OK  [0m] Stopped LXD - container startup/shutdown.
[[0;32m  OK  [0m] Stopped LSB: Record successful boot for GRUB.
[[0;32m  OK  [0m] Stopped target Host and Network Name Lookups.
[[0;32m  OK  [0m] Removed slice User Slice of vagrant.
         Stopping Login Service...
[[0;32m  OK  [0m] Removed slice system-getty.slice.
[[0;32m  OK  [0m] Removed slice system-serial\x2dgetty.slice.
         Stopping Permit User Sessions...
[[0;32m  OK  [0m] Stopped Permit User Sessions.
[[0;32m  OK  [0m] Stopped Virtualbox guest utils.
[[0;32m  OK  [0m] Stopped LSB: automatic crash report generation.
[[0;32m  OK  [0m] Stopped target Remote File Systems.
         Unmounting /tmp/vagrant-puppet/mani…987fd5f72c17d54c08031a1c4913b39...
         Unmounting /vagrant...
[[0;32m  OK  [0m] Unmounted /vagrant.
[[0;32m  OK  [0m] Unmounted /tmp/vagrant-puppet/manif…-1987fd5f72c17d54c08031a1c4913b39.
[[0;32m  OK  [0m] Stopped target Remote File Systems (Pre).
[[0;32m  OK  [0m] Stopped target Network is Online.
[[0;32m  OK  [0m] Stopped target Network.
         Stopping Network Name Resolution...
[[0;32m  OK  [0m] Stopped Network Name Resolution.
         Stopping Network Service...
[[0;32m  OK  [0m] Stopped Login Service.
[[0;32m  OK  [0m] Stopped target Basic System.
[[0;32m  OK  [0m] Stopped target Sockets.
[[0;32m  OK  [0m] Closed cloud-init hotplug hook socket.
[[0;32m  OK  [0m] Closed Syslog Socket.
[[0;32m  OK  [0m] Closed Open-iSCSI iscsid Socket.
[[0;32m  OK  [0m] Closed LXD - unix socket.
[[0;32m  OK  [0m] Closed Socket activation for snappy daemon.
[[0;32m  OK  [0m] Closed ACPID Listen Socket.
[[0;32m  OK  [0m] Closed UUID daemon activation socket.
[[0;32m  OK  [0m] Stopped target Paths.
[[0;32m  OK  [0m] Stopped ACPI Events Check.
[[0;32m  OK  [0m] Stopped target Slices.
[[0;32m  OK  [0m] Closed D-Bus System Message Bus Socket.
[[0;32m  OK  [0m] Stopped target System Initialization.
         Stopping Load/Save Random Seed...
[[0;32m  OK  [0m] Stopped Commit a transient machine-id on disk.
[[0;32m  OK  [0m] Stopped target Local Encrypted Volumes.
[[0;32m  OK  [0m] Stopped Forward Password Requests to Wall Directory Watch.
[[0;32m  OK  [0m] Stopped Dispatch Password Requests to Console Directory Watch.
[[0;32m  OK  [0m] Stopped Initial cloud-init job (metadata service crawler).
         Stopping Update UTMP about System Boot/Shutdown...
[[0;32m  OK  [0m] Stopped target User and Group Name Lookups.
[[0;32m  OK  [0m] Removed slice User and Session Slice.
[[0;32m  OK  [0m] Stopped Network Service.
[[0;32m  OK  [0m] Stopped Load/Save Random Seed.
[[0;32m  OK  [0m] Stopped target Network (Pre).
[[0;32m  OK  [0m] Stopped Initial cloud-init job (pre-networking).
[[0;32m  OK  [0m] Stopped Apply Kernel Variables.
[[0;32m  OK  [0m] Stopped Load Kernel Modules.
[[0;32m  OK  [0m] Stopped Update UTMP about System Boot/Shutdown.
[[0;32m  OK  [0m] Stopped Create Volatile Files and Directories.
[[0;32m  OK  [0m] Stopped target Local File Systems.
         Unmounting /run/user/1000...
[[0;32m  OK  [0m] Unmounted /run/user/1000.
[[0;32m  OK  [0m] Reached target Unmount All Filesystems.
[[0;32m  OK  [0m] Stopped target Local File Systems (Pre).
[[0;32m  OK  [0m] Stopped Remount Root and Kernel File Systems.
[[0;32m  OK  [0m] Stopped Create Static Device Nodes in /dev.
         Stopping Monitoring of LVM2 mirrors…ng dmeventd or progress polling...
[[0;32m  OK  [0m] Stopped target Swap.
[[0;32m  OK  [0m] Reached target Shutdown.
[[0;32m  OK  [0m] Reached target Final Step.
         Starting Power-Off...
[[0;32m  OK  [0m] Stopped Monitoring of LVM2 mirrors,…sing dmeventd or progress polling.
         Stopping LVM2 metadata daemon...
[[0;32m  OK  [0m] Stopped LVM2 metadata daemon.
[  704.312536] reboot: Power down
